<?xml version="1.0" encoding="UTF-8"?>
<testng-results total="2" passed="2" failed="0" skipped="0">
  <reporter-output>
  </reporter-output>
  <suite started-at="2021-01-12T04:22:03Z" name="ProgrammingRecipes Selenium Cucmber" finished-at="2021-01-12T04:22:14Z" duration-ms="11415">
    <groups>
      <group name="cucumber">
        <method signature="AbstractTestNGCucumberTests.feature(cucumber.api.testng.CucumberFeatureWrapper)[pri:0, instance:runners.MainRunner@343570b7]" name="feature" class="cucumber.api.testng.AbstractTestNGCucumberTests"/>
      </group> <!-- cucumber -->
    </groups>
    <test started-at="2021-01-12T04:22:03Z" name="Recipes Selenium Cucmber" finished-at="2021-01-12T04:22:14Z" duration-ms="11415">
      <class name="runners.MainRunner">
        <test-method is-config="true" signature="setUpClass()[pri:0, instance:runners.MainRunner@343570b7]" started-at="2021-01-11T23:22:03Z" name="setUpClass" finished-at="2021-01-11T23:22:03Z" duration-ms="205" status="PASS">
          <reporter-output>
          </reporter-output>
        </test-method> <!-- setUpClass -->
        <test-method signature="feature(cucumber.api.testng.CucumberFeatureWrapper)[pri:0, instance:runners.MainRunner@343570b7]" started-at="2021-01-11T23:22:03Z" name="feature" description="Runs Cucumber Feature" data-provider="features" finished-at="2021-01-11T23:22:09Z" duration-ms="6218" status="PASS">
          <params>
            <param index="0">
              <value>
                <![CDATA[Chrome - Submit data to webdriveruniversity.com using contact us form]]>
              </value>
            </param>
          </params>
          <reporter-output>
          </reporter-output>
        </test-method> <!-- feature -->
        <test-method signature="feature(cucumber.api.testng.CucumberFeatureWrapper)[pri:0, instance:runners.MainRunner@343570b7]" started-at="2021-01-11T23:22:09Z" name="feature" description="Runs Cucumber Feature" data-provider="features" finished-at="2021-01-11T23:22:14Z" duration-ms="4561" status="PASS">
          <params>
            <param index="0">
              <value>
                <![CDATA[Chrome - Products page]]>
              </value>
            </param>
          </params>
          <reporter-output>
          </reporter-output>
        </test-method> <!-- feature -->
        <test-method is-config="true" signature="tearDownClass()[pri:0, instance:runners.MainRunner@343570b7]" started-at="2021-01-11T23:22:14Z" name="tearDownClass" finished-at="2021-01-11T23:22:14Z" duration-ms="336" status="PASS">
          <reporter-output>
          </reporter-output>
        </test-method> <!-- tearDownClass -->
      </class> <!-- runners.MainRunner -->
    </test> <!-- Recipes Selenium Cucmber -->
  </suite> <!-- ProgrammingRecipes Selenium Cucmber -->
</testng-results>
