<?xml version="1.0" encoding="UTF-8"?>
<testng-results skipped="0" failed="0" total="1" passed="1">
  <reporter-output>
  </reporter-output>
  <suite name="ProgrammingRecipes Selenium Cucmber" duration-ms="20794" started-at="2021-01-17T22:41:30Z" finished-at="2021-01-17T22:41:51Z">
    <groups>
      <group name="cucumber">
        <method signature="AbstractTestNGCucumberTests.feature(cucumber.api.testng.CucumberFeatureWrapper)[pri:0, instance:runners.MainRunner@69ea3742]" name="feature" class="cucumber.api.testng.AbstractTestNGCucumberTests"/>
      </group> <!-- cucumber -->
    </groups>
    <test name="Recipes Selenium Cucmber" duration-ms="20794" started-at="2021-01-17T22:41:30Z" finished-at="2021-01-17T22:41:51Z">
      <class name="runners.MainRunner">
        <test-method status="PASS" signature="setUpClass()[pri:0, instance:runners.MainRunner@69ea3742]" name="setUpClass" is-config="true" duration-ms="302" started-at="2021-01-17T17:41:30Z" finished-at="2021-01-17T17:41:31Z">
          <reporter-output>
          </reporter-output>
        </test-method> <!-- setUpClass -->
        <test-method status="PASS" signature="feature(cucumber.api.testng.CucumberFeatureWrapper)[pri:0, instance:runners.MainRunner@69ea3742]" name="feature" duration-ms="20024" started-at="2021-01-17T17:41:31Z" description="Runs Cucumber Feature" data-provider="features" finished-at="2021-01-17T17:41:51Z">
          <params>
            <param index="0">
              <value>
                <![CDATA[Chrome - Verify the Popup Page]]>
              </value>
            </param>
          </params>
          <reporter-output>
          </reporter-output>
        </test-method> <!-- feature -->
        <test-method status="PASS" signature="tearDownClass()[pri:0, instance:runners.MainRunner@69ea3742]" name="tearDownClass" is-config="true" duration-ms="364" started-at="2021-01-17T17:41:51Z" finished-at="2021-01-17T17:41:51Z">
          <reporter-output>
          </reporter-output>
        </test-method> <!-- tearDownClass -->
      </class> <!-- runners.MainRunner -->
    </test> <!-- Recipes Selenium Cucmber -->
  </suite> <!-- ProgrammingRecipes Selenium Cucmber -->
</testng-results>
